  sdl_engine.cpp
C:\CPP_LIBRARY\eigen-3.4.0\eigen3\Eigen\src\Core\arch\Default\Half.h(1,1): warning C4819: ファイルは、現在のコード ページ (932) で表示できない文字を含んでいます。データの損失を防ぐために、ファイルを Unicode 形式で保存してください。
  (ソース ファイル 'sdl_engine.cpp' をコンパイルしています)
  
C:\CPP_LIBRARY\eigen-3.4.0\eigen3\Eigen\src\Core\arch\Default\BFloat16.h(1,1): warning C4819: ファイルは、現在のコード ページ (932) で表示できない文字を含んでいます。データの損失を防ぐために、ファイルを Unicode 形式で保存してください。
  (ソース ファイル 'sdl_engine.cpp' をコンパイルしています)
  
C:\CPP_LIBRARY\eigen-3.4.0\eigen3\Eigen\src\Core\arch\Default\GenericPacketMathFunctions.h(676,1): warning C4819: ファイルは、現在のコード ページ (932) で表示できない文字を含んでいます。データの損失を防ぐために、ファイルを Unicode 形式で保存してください。
  (ソース ファイル 'sdl_engine.cpp' をコンパイルしています)
  
C:\Users\Sukakiyo\source\repos\CaveAction3\CaveAction3\image_storage.h(1,1): warning C4819: ファイルは、現在のコード ページ (932) で表示できない文字を含んでいます。データの損失を防ぐために、ファイルを Unicode 形式で保存してください。
  (ソース ファイル 'sdl_engine.cpp' をコンパイルしています)
  
C:\Users\Sukakiyo\source\repos\CaveAction3\CaveAction3\rigidbody.h(1,1): warning C4819: ファイルは、現在のコード ページ (932) で表示できない文字を含んでいます。データの損失を防ぐために、ファイルを Unicode 形式で保存してください。
  (ソース ファイル 'sdl_engine.cpp' をコンパイルしています)
  
C:\Users\Sukakiyo\source\repos\CaveAction3\CaveAction3\tilemap.h(1,1): warning C4819: ファイルは、現在のコード ページ (932) で表示できない文字を含んでいます。データの損失を防ぐために、ファイルを Unicode 形式で保存してください。
  (ソース ファイル 'sdl_engine.cpp' をコンパイルしています)
  
C:\Users\Sukakiyo\source\repos\CaveAction3\CaveAction3\image.h(1,1): warning C4819: ファイルは、現在のコード ページ (932) で表示できない文字を含んでいます。データの損失を防ぐために、ファイルを Unicode 形式で保存してください。
  (ソース ファイル 'sdl_engine.cpp' をコンパイルしています)
  
C:\Users\Sukakiyo\source\repos\CaveAction3\CaveAction3\animation_image.h(1,1): warning C4819: ファイルは、現在のコード ページ (932) で表示できない文字を含んでいます。データの損失を防ぐために、ファイルを Unicode 形式で保存してください。
  (ソース ファイル 'sdl_engine.cpp' をコンパイルしています)
  
C:\Users\Sukakiyo\source\repos\CaveAction3\CaveAction3\sdl_engine.cpp(151,27): warning C4305: '=': 'double' から 'float' へ切り詰めます。
C:\Users\Sukakiyo\source\repos\CaveAction3\CaveAction3\sdl_engine.cpp(171,27): warning C4305: '=': 'double' から 'float' へ切り詰めます。
  CaveAction3.vcxproj -> C:\Users\Sukakiyo\source\repos\CaveAction3\x64\Debug\CaveAction3.exe
